<?xml version="1.0" encoding="UTF-8"?>
<!-- Generated by org.testng.reporters.JUnitReportReporter -->
<testsuite hostname="LAPTOP-1FFE1UAO" name="javascriptexecutor.jse" tests="1" failures="0" timestamp="20 Apr 2018 06:39:29 GMT" time="25.809" errors="0">
  <testcase name="jsee" time="25.809" classname="javascriptexecutor.jse"/>
</testsuite> <!-- javascriptexecutor.jse -->
